[ 1221665ms] [ERROR] React has detected a change in the order of Hooks called by %s. This will lead to bugs and errors if not fixed. For more information, read the Rules of Hooks: https://react.dev/link/rules-of-hooks

   Previous render            Next render
   ------------------------------------------------------
%s   ^^^^^^^^^^^^^^^^^^^^^^^^^^^^^^^^^^^^^^^^^^^^^^^^^^^^^^
 App 1. useState                   useState
2. useCallback                useCallback
3. useCallback                useCallback
4. useSyncExternalStore       useSyncExternalStore
5. useDebugValue              useDebugValue
6. useCallback                useCallback
7. useCallback                useCallback
8. useSyncExternalStore       useSyncExternalStore
9. useDebugValue              useDebugValue
10. useCallback               useCallback
11. useCallback               useCallback
12. useSyncExternalStore      useSyncExternalStore
13. useDebugValue             useDebugValue
14. useCallback               useCallback
15. useCallback               useCallback
16. useSyncExternalStore      useSyncExternalStore
17. useDebugValue             useDebugValue
18. useCallback               useCallback
19. useCallback               useCallback
20. useSyncExternalStore      useSyncExternalStore
21. useDebugValue             useDebugValue
22. useCallback               useCallback
23. useCallback               useCallback
24. useSyncExternalStore      useSyncExternalStore
25. useDebugValue             useDebugValue
26. useCallback               useCallback
27. useCallback               useCallback
28. useSyncExternalStore      useSyncExternalStore
29. useDebugValue             useDebugValue
30. useCallback               useCallback
31. useCallback               useCallback
32. useSyncExternalStore      useSyncExternalStore
33. useDebugValue             useDebugValue
34. useCallback               useCallback
35. useCallback               useCallback
36. useSyncExternalStore      useSyncExternalStore
37. useDebugValue             useDebugValue
38. useCallback               useCallback
39. useCallback               useCallback
40. useSyncExternalStore      useSyncExternalStore
41. useDebugValue             useDebugValue
42. useCallback               useCallback
43. useCallback               useCallback
44. useSyncExternalStore      useSyncExternalStore
45. useDebugValue             useDebugValue
46. useCallback               useCallback
47. useCallback               useCallback
48. useSyncExternalStore      useSyncExternalStore
49. useDebugValue             useDebugValue
50. useRef                    useRef
51. useRef                    useRef
52. useRef                    useRef
53. useState                  useState
54. useState                  useState
55. useCallback               useCallback
56. useCallback               useCallback
57. useSyncExternalStore      useSyncExternalStore
58. useDebugValue             useDebugValue
59. useCallback               useCallback
60. useCallback               useCallback
61. useSyncExternalStore      useSyncExternalStore
62. useDebugValue             useDebugValue
63. useCallback               useCallback
64. useCallback               useCallback
65. useSyncExternalStore      useSyncExternalStore
66. useDebugValue             useDebugValue
67. useCallback               useCallback
68. useEffect                 useCallback
 @ http://localhost:5173/node_modules/.vite/deps/chunk-RYVQS2XK.js?v=15cc1549:5325
[ 1221678ms] TypeError: Cannot read properties of null (reading 'getSnapshot')
    at updateSyncExternalStore (http://localhost:5173/node_modules/.vite/deps/chunk-RYVQS2XK.js?v=15cc1549:5787:18)
    at Object.useSyncExternalStore (http://localhost:5173/node_modules/.vite/deps/chunk-RYVQS2XK.js?v=15cc1549:18750:18)
    at exports.useSyncExternalStore (http://localhost:5173/node_modules/.vite/deps/chunk-6KCF6AHO.js?v=15cc1549:962:36)
    at useStore (http://localhost:5173/node_modules/.vite/deps/chunk-ODUEBVNO.js?v=15cc1549:15:38)
    at useBoundStore (http://localhost:5173/node_modules/.vite/deps/chunk-ODUEBVNO.js?v=15cc1549:25:39)
    at useWebSocket (http://localhost:5173/src/hooks/useWebSocket.js?t=1770866559554:23:29)
    at App (http://localhost:5173/src/App.jsx?t=1770866559554:55:42)
    at Object.react_stack_bottom_frame (http://localhost:5173/node_modules/.vite/deps/chunk-RYVQS2XK.js?v=15cc1549:18241:20)
    at renderWithHooks (http://localhost:5173/node_modules/.vite/deps/chunk-RYVQS2XK.js?v=15cc1549:5386:24)
    at updateFunctionComponent (http://localhost:5173/node_modules/.vite/deps/chunk-RYVQS2XK.js?v=15cc1549:7207:21)
[ 1221669ms] [WARNING] %s

%s
 An error occurred in the <App> component. Consider adding an error boundary to your tree to customize error handling behavior.
Visit https://react.dev/link/error-boundaries to learn more about error boundaries. @ http://localhost:5173/node_modules/.vite/deps/chunk-RYVQS2XK.js?v=15cc1549:6697
[ 1226689ms] [ERROR] Access to fetch at 'http://127.0.0.1:8420/projects/1/teams' from origin 'http://localhost:5173' has been blocked by CORS policy: No 'Access-Control-Allow-Origin' header is present on the requested resource. @ http://localhost:5173/team:0
[ 1226689ms] [ERROR] Failed to load resource: net::ERR_FAILED @ http://127.0.0.1:8420/projects/1/teams:0
[ 1227615ms] [ERROR] Access to fetch at 'http://127.0.0.1:8420/projects/1/agents' from origin 'http://localhost:5173' has been blocked by CORS policy: No 'Access-Control-Allow-Origin' header is present on the requested resource. @ http://localhost:5173/team:0
[ 1227615ms] [ERROR] Failed to load resource: net::ERR_FAILED @ http://127.0.0.1:8420/projects/1/agents:0
[ 1227663ms] [ERROR] Access to fetch at 'http://127.0.0.1:8420/projects/1/teams' from origin 'http://localhost:5173' has been blocked by CORS policy: No 'Access-Control-Allow-Origin' header is present on the requested resource. @ http://localhost:5173/team:0
[ 1227664ms] [ERROR] Failed to load resource: net::ERR_FAILED @ http://127.0.0.1:8420/projects/1/teams:0
[ 1227798ms] [ERROR] Access to fetch at 'http://127.0.0.1:8420/projects/1/agents' from origin 'http://localhost:5173' has been blocked by CORS policy: No 'Access-Control-Allow-Origin' header is present on the requested resource. @ http://localhost:5173/team:0
[ 1227798ms] [ERROR] Failed to load resource: net::ERR_FAILED @ http://127.0.0.1:8420/projects/1/agents:0
[ 1238716ms] [ERROR] The final argument passed to %s changed size between renders. The order and size of this array must remain constant.

Previous: %s
Incoming: %s useEffect [1, (agentId, status) => {
        set((s) => ({
            agentStatuses: {
                ...s.agentStatuses,
                [agentId]: { status, lastSeen: new Date().toISOString() },
            },
        }));
    }, async (projectId) => {
        set({ loading: true });
        try {
            const data = await agentService.list(projectId);
            set({ agents: data, loading: false });
        } catch {
            set({ loading: false });
        }
    }, (data) => {
        set((s) => ({
            tasks: s.tasks.map((t) =>
                t.id === data.task_id ? { ...t, ...data } : t
            ),
        }));
    }, (log) => {
        setLogs((prev) => [...prev.slice(-500), log]);
    }] [1, (agentId, status) => {
        set((s) => ({
            agentStatuses: {
                ...s.agentStatuses,
                [agentId]: { status, lastSeen: new Date().toISOString() },
            },
        }));
    }, async (projectId) => {
        set({ loading: true });
        try {
            const data = await agentService.list(projectId);
            set({ agents: data, loading: false });
        } catch {
            set({ loading: false });
        }
    }, (entry) => {
        set((s) => ({
            teamOutput: [...(s.teamOutput || []), entry].slice(-200),
        }));
    }, (data) => {
        set((s) => ({
            tasks: s.tasks.map((t) =>
                t.id === data.task_id ? { ...t, ...data } : t
            ),
        }));
    }, (log) => {
        setLogs((prev) => [...prev.slice(-500), log]);
    }] @ http://localhost:5173/node_modules/.vite/deps/chunk-RYVQS2XK.js?v=15cc1549:5359
[ 1275998ms] [ERROR] Access to fetch at 'http://127.0.0.1:8420/projects/1/agents' from origin 'http://localhost:5173' has been blocked by CORS policy: No 'Access-Control-Allow-Origin' header is present on the requested resource. @ http://localhost:5173/team:0
[ 1275998ms] [ERROR] Failed to load resource: net::ERR_FAILED @ http://127.0.0.1:8420/projects/1/agents:0
[ 1276141ms] [ERROR] Access to fetch at 'http://127.0.0.1:8420/projects/1/teams' from origin 'http://localhost:5173' has been blocked by CORS policy: No 'Access-Control-Allow-Origin' header is present on the requested resource. @ http://localhost:5173/team:0
[ 1276141ms] [ERROR] Failed to load resource: net::ERR_FAILED @ http://127.0.0.1:8420/projects/1/teams:0
[ 1276214ms] [ERROR] Access to fetch at 'http://127.0.0.1:8420/projects/1/teams' from origin 'http://localhost:5173' has been blocked by CORS policy: No 'Access-Control-Allow-Origin' header is present on the requested resource. @ http://localhost:5173/team:0
[ 1276214ms] [ERROR] Failed to load resource: net::ERR_FAILED @ http://127.0.0.1:8420/projects/1/teams:0
[ 1276222ms] [ERROR] Access to fetch at 'http://127.0.0.1:8420/projects/1/agents' from origin 'http://localhost:5173' has been blocked by CORS policy: No 'Access-Control-Allow-Origin' header is present on the requested resource. @ http://localhost:5173/team:0
[ 1276222ms] [ERROR] Failed to load resource: net::ERR_FAILED @ http://127.0.0.1:8420/projects/1/agents:0
[ 1296837ms] [ERROR] Access to fetch at 'http://127.0.0.1:8420/projects/1/agents' from origin 'http://localhost:5173' has been blocked by CORS policy: No 'Access-Control-Allow-Origin' header is present on the requested resource. @ http://localhost:5173/team:0
[ 1296838ms] [ERROR] Failed to load resource: net::ERR_FAILED @ http://127.0.0.1:8420/projects/1/agents:0
[ 1296987ms] [ERROR] Access to fetch at 'http://127.0.0.1:8420/projects/1/teams' from origin 'http://localhost:5173' has been blocked by CORS policy: No 'Access-Control-Allow-Origin' header is present on the requested resource. @ http://localhost:5173/team:0
[ 1296987ms] [ERROR] Failed to load resource: net::ERR_FAILED @ http://127.0.0.1:8420/projects/1/teams:0
[ 1297074ms] [ERROR] Access to fetch at 'http://127.0.0.1:8420/projects/1/teams' from origin 'http://localhost:5173' has been blocked by CORS policy: No 'Access-Control-Allow-Origin' header is present on the requested resource. @ http://localhost:5173/team:0
[ 1297074ms] [ERROR] Failed to load resource: net::ERR_FAILED @ http://127.0.0.1:8420/projects/1/teams:0
[ 1297081ms] [ERROR] Access to fetch at 'http://127.0.0.1:8420/projects/1/agents' from origin 'http://localhost:5173' has been blocked by CORS policy: No 'Access-Control-Allow-Origin' header is present on the requested resource. @ http://localhost:5173/team:0
[ 1297081ms] [ERROR] Failed to load resource: net::ERR_FAILED @ http://127.0.0.1:8420/projects/1/agents:0
